[0702/193328.666:ERROR:process_memory_win.cc(73)] ReadMemory at 0x2338e798ed0 of 72 bytes failed: Only part of a ReadProcessMemory or WriteProcessMemory request was completed. (0x12B)
[0702/193330.567:WARNING:pe_image_annotations_reader.cc(134)] could not read annotations list object in C:\Program Files (x86)\Google\Chrome\Application\77.0.3865.90\chrome_elf.dll
[0702/193330.567:ERROR:process_memory_win.cc(73)] ReadMemory at 0x7ffba40a0000 of 64 bytes failed: Only part of a ReadProcessMemory or WriteProcessMemory request was completed. (0x12B)
[0702/193330.567:WARNING:pe_image_reader.cc(340)] could not read dos header from C:\WINDOWS\SYSTEM32\VERSION.dll
[0702/193330.571:ERROR:process_memory_win.cc(73)] ReadMemory at 0x7ffbb4920000 of 64 bytes failed: Only part of a ReadProcessMemory or WriteProcessMemory request was completed. (0x12B)
[0702/193330.635:WARNING:pe_image_reader.cc(340)] could not read dos header from C:\WINDOWS\System32\msvcrt.dll
[0702/193330.635:ERROR:process_memory_win.cc(73)] ReadMemory at 0x7ffbb3660000 of 64 bytes failed: Only part of a ReadProcessMemory or WriteProcessMemory request was completed. (0x12B)
[0702/193330.635:WARNING:pe_image_reader.cc(340)] could not read dos header from C:\WINDOWS\System32\bcryptPrimitives.dll
[0702/193330.635:ERROR:process_memory_win.cc(73)] ReadMemory at 0x7ffbb51a0000 of 64 bytes failed: Only part of a ReadProcessMemory or WriteProcessMemory request was completed. (0x12B)
[0702/193330.635:WARNING:pe_image_reader.cc(340)] could not read dos header from C:\WINDOWS\System32\ADVAPI32.dll
[0702/193330.639:ERROR:process_memory_win.cc(73)] ReadMemory at 0x7ffbb5fe0000 of 64 bytes failed: Only part of a ReadProcessMemory or WriteProcessMemory request was completed. (0x12B)
[0702/193330.639:WARNING:pe_image_reader.cc(340)] could not read dos header from C:\WINDOWS\System32\sechost.dll
[0702/193330.639:ERROR:process_memory_win.cc(73)] ReadMemory at 0x7ffbb5a60000 of 64 bytes failed: Only part of a ReadProcessMemory or WriteProcessMemory request was completed. (0x12B)
[0702/193330.639:WARNING:pe_image_reader.cc(340)] could not read dos header from C:\WINDOWS\System32\RPCRT4.dll
[0702/193330.639:ERROR:process_memory_win.cc(73)] ReadMemory at 0x7ffb6b160000 of 64 bytes failed: Only part of a ReadProcessMemory or WriteProcessMemory request was completed. (0x12B)
[0702/193330.639:WARNING:pe_image_reader.cc(340)] could not read dos header from C:\Program Files (x86)\Google\Chrome\Application\77.0.3865.90\chrome_child.dll
[0702/193330.639:ERROR:process_memory_win.cc(73)] ReadMemory at 0x7ffbb5f10000 of 64 bytes failed: Only part of a ReadProcessMemory or WriteProcessMemory request was completed. (0x12B)
[0702/193330.639:WARNING:pe_image_reader.cc(340)] could not read dos header from C:\WINDOWS\System32\OLEAUT32.dll
[0702/193330.639:ERROR:process_memory_win.cc(73)] ReadMemory at 0x7ffbb3240000 of 64 bytes failed: Only part of a ReadProcessMemory or WriteProcessMemory request was completed. (0x12B)
[0702/193330.639:WARNING:pe_image_reader.cc(340)] could not read dos header from C:\WINDOWS\System32\msvcp_win.dll
[0702/193330.639:ERROR:process_memory_win.cc(73)] ReadMemory at 0x7ffbb33a0000 of 64 bytes failed: Only part of a ReadProcessMemory or WriteProcessMemory request was completed. (0x12B)
[0702/193330.639:WARNING:pe_image_reader.cc(340)] could not read dos header from C:\WINDOWS\System32\ucrtbase.dll
[0702/193330.639:ERROR:process_memory_win.cc(73)] ReadMemory at 0x7ffbb5460000 of 64 bytes failed: Only part of a ReadProcessMemory or WriteProcessMemory request was completed. (0x12B)
[0702/193330.639:WARNING:pe_image_reader.cc(340)] could not read dos header from C:\WINDOWS\System32\combase.dll
[0702/193330.639:ERROR:process_memory_win.cc(73)] ReadMemory at 0x7ffbb57d0000 of 64 bytes failed: Only part of a ReadProcessMemory or WriteProcessMemory request was completed. (0x12B)
[0702/193330.639:WARNING:pe_image_reader.cc(340)] could not read dos header from C:\WINDOWS\System32\WS2_32.dll
[0702/193330.639:ERROR:process_memory_win.cc(73)] ReadMemory at 0x7ffbb5d20000 of 64 bytes failed: Only part of a ReadProcessMemory or WriteProcessMemory request was completed. (0x12B)
[0702/193330.639:WARNING:pe_image_reader.cc(340)] could not read dos header from C:\WINDOWS\System32\GDI32.dll
[0702/193330.639:ERROR:process_memory_win.cc(73)] ReadMemory at 0x7ffbb3370000 of 64 bytes failed: Only part of a ReadProcessMemory or WriteProcessMemory request was completed. (0x12B)
[0702/193330.639:WARNING:pe_image_reader.cc(340)] could not read dos header from C:\WINDOWS\System32\win32u.dll
[0702/193330.639:ERROR:process_memory_win.cc(73)] ReadMemory at 0x7ffbb34a0000 of 64 bytes failed: Only part of a ReadProcessMemory or WriteProcessMemory request was completed. (0x12B)
[0702/193330.639:WARNING:pe_image_reader.cc(340)] could not read dos header from C:\WINDOWS\System32\gdi32full.dll
[0702/193330.639:ERROR:process_memory_win.cc(73)] ReadMemory at 0x7ffbb5b80000 of 64 bytes failed: Only part of a ReadProcessMemory or WriteProcessMemory request was completed. (0x12B)
[0702/193330.639:WARNING:pe_image_reader.cc(340)] could not read dos header from C:\WINDOWS\System32\USER32.dll
[0702/193330.639:ERROR:process_memory_win.cc(73)] ReadMemory at 0x7ffbb32e0000 of 64 bytes failed: Only part of a ReadProcessMemory or WriteProcessMemory request was completed. (0x12B)
[0702/193330.639:WARNING:pe_image_reader.cc(340)] could not read dos header from C:\WINDOWS\System32\WINTRUST.dll
[0702/193330.639:ERROR:process_memory_win.cc(73)] ReadMemory at 0x7ffbb3080000 of 64 bytes failed: Only part of a ReadProcessMemory or WriteProcessMemory request was completed. (0x12B)
[0702/193330.639:WARNING:pe_image_reader.cc(340)] could not read dos header from C:\WINDOWS\System32\MSASN1.dll
[0702/193330.639:ERROR:process_memory_win.cc(73)] ReadMemory at 0x7ffbb30f0000 of 64 bytes failed: Only part of a ReadProcessMemory or WriteProcessMemory request was completed. (0x12B)
[0702/193330.639:WARNING:pe_image_reader.cc(340)] could not read dos header from C:\WINDOWS\System32\CRYPT32.dll
[0702/193330.639:ERROR:process_memory_win.cc(73)] ReadMemory at 0x7ffbb2520000 of 64 bytes failed: Only part of a ReadProcessMemory or WriteProcessMemory request was completed. (0x12B)
[0702/193330.639:WARNING:pe_image_reader.cc(340)] could not read dos header from C:\WINDOWS\SYSTEM32\IPHLPAPI.DLL
[0702/193330.639:ERROR:process_memory_win.cc(73)] ReadMemory at 0x7ffbb0fe0000 of 64 bytes failed: Only part of a ReadProcessMemory or WriteProcessMemory request was completed. (0x12B)
[0702/193330.639:WARNING:pe_image_reader.cc(340)] could not read dos header from C:\WINDOWS\SYSTEM32\WINMM.dll
[0702/193330.639:ERROR:process_memory_win.cc(73)] ReadMemory at 0x7ffbb2f40000 of 64 bytes failed: Only part of a ReadProcessMemory or WriteProcessMemory request was completed. (0x12B)
[0702/193330.639:WARNING:pe_image_reader.cc(340)] could not read dos header from C:\WINDOWS\SYSTEM32\USERENV.dll
[0702/193330.639:ERROR:process_memory_win.cc(73)] ReadMemory at 0x7ffbb30c0000 of 64 bytes failed: Only part of a ReadProcessMemory or WriteProcessMemory request was completed. (0x12B)
[0702/193330.639:WARNING:pe_image_reader.cc(340)] could not read dos header from C:\WINDOWS\System32\profapi.dll
[0702/193330.639:ERROR:process_memory_win.cc(73)] ReadMemory at 0x7ffb99f80000 of 64 bytes failed: Only part of a ReadProcessMemory or WriteProcessMemory request was completed. (0x12B)
[0702/193330.639:WARNING:pe_image_reader.cc(340)] could not read dos header from C:\WINDOWS\SYSTEM32\DWrite.dll
[0702/193330.639:ERROR:process_memory_win.cc(73)] ReadMemory at 0x7ffbaad80000 of 64 bytes failed: Only part of a ReadProcessMemory or WriteProcessMemory request was completed. (0x12B)
[0702/193330.639:WARNING:pe_image_reader.cc(340)] could not read dos header from C:\WINDOWS\SYSTEM32\WINSPOOL.DRV
[0702/193330.639:ERROR:process_memory_win.cc(73)] ReadMemory at 0x7ffbb30a0000 of 64 bytes failed: Only part of a ReadProcessMemory or WriteProcessMemory request was completed. (0x12B)
[0702/193330.639:WARNING:pe_image_reader.cc(340)] could not read dos header from C:\WINDOWS\System32\kernel.appcore.dll
[0702/193330.639:ERROR:process_memory_win.cc(73)] ReadMemory at 0x7ffbb3340000 of 64 bytes failed: Only part of a ReadProcessMemory or WriteProcessMemory request was completed. (0x12B)
[0702/193330.639:WARNING:pe_image_reader.cc(340)] could not read dos header from C:\WINDOWS\System32\bcrypt.dll
[0702/193330.643:ERROR:process_memory_win.cc(73)] ReadMemory at 0x7ffba0d40000 of 64 bytes failed: Only part of a ReadProcessMemory or WriteProcessMemory request was completed. (0x12B)
[0702/193330.643:WARNING:pe_image_reader.cc(340)] could not read dos header from C:\WINDOWS\SYSTEM32\dbghelp.dll
[0702/193330.643:ERROR:process_memory_win.cc(73)] ReadMemory at 0x7ffba6770000 of 64 bytes failed: Only part of a ReadProcessMemory or WriteProcessMemory request was completed. (0x12B)
[0702/193330.643:WARNING:pe_image_reader.cc(340)] could not read dos header from C:\WINDOWS\SYSTEM32\WINHTTP.dll
[0702/193330.643:ERROR:process_memory_win.cc(73)] ReadMemory at 0x7ffb9f3f0000 of 64 bytes failed: Only part of a ReadProcessMemory or WriteProcessMemory request was completed. (0x12B)
[0702/193330.643:WARNING:pe_image_reader.cc(340)] could not read dos header from C:\WINDOWS\SYSTEM32\Secur32.dll
[0702/193330.643:ERROR:process_memory_win.cc(73)] ReadMemory at 0x7ffba6680000 of 64 bytes failed: Only part of a ReadProcessMemory or WriteProcessMemory request was completed. (0x12B)
[0702/193330.643:WARNING:pe_image_reader.cc(340)] could not read dos header from C:\WINDOWS\SYSTEM32\dhcpcsvc.DLL
[0702/193330.643:ERROR:process_memory_win.cc(73)] ReadMemory at 0x7ffbb5840000 of 64 bytes failed: Only part of a ReadProcessMemory or WriteProcessMemory request was completed. (0x12B)
[0702/193330.643:WARNING:pe_image_reader.cc(340)] could not read dos header from C:\WINDOWS\System32\NSI.dll
[0702/193330.643:ERROR:process_memory_win.cc(73)] ReadMemory at 0x7ffbb0fb0000 of 64 bytes failed: Only part of a ReadProcessMemory or WriteProcessMemory request was completed. (0x12B)
[0702/193330.643:WARNING:pe_image_reader.cc(340)] could not read dos header from C:\WINDOWS\SYSTEM32\WINMMBASE.dll
[0702/193330.643:ERROR:process_memory_win.cc(73)] ReadMemory at 0x7ffbb36f0000 of 64 bytes failed: Only part of a ReadProcessMemory or WriteProcessMemory request was completed. (0x12B)
[0702/193330.643:WARNING:pe_image_reader.cc(340)] could not read dos header from C:\WINDOWS\System32\cfgmgr32.dll
[0702/193330.643:ERROR:process_memory_win.cc(73)] ReadMemory at 0x7ffbafff0000 of 64 bytes failed: Only part of a ReadProcessMemory or WriteProcessMemory request was completed. (0x12B)
[0702/193330.643:WARNING:pe_image_reader.cc(340)] could not read dos header from C:\WINDOWS\SYSTEM32\PROPSYS.dll
[0702/193330.643:ERROR:process_memory_win.cc(73)] ReadMemory at 0x7ffbb5920000 of 64 bytes failed: Only part of a ReadProcessMemory or WriteProcessMemory request was completed. (0x12B)
[0702/193330.643:WARNING:pe_image_reader.cc(340)] could not read dos header from C:\WINDOWS\System32\shcore.dll
[0702/193330.643:ERROR:process_memory_win.cc(73)] ReadMemory at 0x7ffbb2f00000 of 64 bytes failed: Only part of a ReadProcessMemory or WriteProcessMemory request was completed. (0x12B)
[0702/193330.643:WARNING:pe_image_reader.cc(340)] could not read dos header from C:\WINDOWS\SYSTEM32\SSPICLI.DLL
[0702/193330.643:ERROR:process_memory_win.cc(73)] ReadMemory at 0x7ffbb57a0000 of 64 bytes failed: Only part of a ReadProcessMemory or WriteProcessMemory request was completed. (0x12B)
[0702/193330.643:WARNING:pe_image_reader.cc(340)] could not read dos header from C:\WINDOWS\System32\IMM32.DLL
[0702/193330.643:ERROR:process_memory_win.cc(73)] ReadMemory at 0x7ffbb29e0000 of 64 bytes failed: Only part of a ReadProcessMemory or WriteProcessMemory request was completed. (0x12B)
[0702/193330.643:WARNING:pe_image_reader.cc(340)] could not read dos header from C:\WINDOWS\SYSTEM32\CRYPTBASE.DLL
[0702/193330.643:ERROR:process_memory_win.cc(73)] ReadMemory at 0x7ff6aebc0000 of 64 bytes failed: Only part of a ReadProcessMemory or WriteProcessMemory request was completed. (0x12B)
[0702/193330.643:WARNING:pe_image_reader.cc(340)] could not read dos header from C:\Program Files (x86)\Google\Chrome\Application\chrome.exe
[0702/193330.643:ERROR:process_memory_win.cc(73)] ReadMemory at 0x7ffbb6180000 of 64 bytes failed: Only part of a ReadProcessMemory or WriteProcessMemory request was completed. (0x12B)
[0702/193330.643:WARNING:pe_image_reader.cc(340)] could not read dos header from C:\WINDOWS\SYSTEM32\ntdll.dll
[0702/193330.643:ERROR:process_memory_win.cc(73)] ReadMemory at 0x7ffbb6080000 of 64 bytes failed: Only part of a ReadProcessMemory or WriteProcessMemory request was completed. (0x12B)
[0702/193330.643:WARNING:pe_image_reader.cc(340)] could not read dos header from C:\WINDOWS\System32\KERNEL32.DLL
[0702/193330.643:ERROR:process_memory_win.cc(73)] ReadMemory at 0x7ffbb3740000 of 64 bytes failed: Only part of a ReadProcessMemory or WriteProcessMemory request was completed. (0x12B)
[0702/193330.643:WARNING:pe_image_reader.cc(340)] could not read dos header from C:\WINDOWS\System32\KERNELBASE.dll
[0702/193330.643:ERROR:process_memory_win.cc(73)] ReadMemory at 0x7ffba3f90000 of 64 bytes failed: Only part of a ReadProcessMemory or WriteProcessMemory request was completed. (0x12B)
[0702/193330.643:WARNING:pe_image_reader.cc(340)] could not read dos header from C:\Program Files (x86)\Google\Chrome\Application\77.0.3865.90\chrome_elf.dll
[0702/193330.643:ERROR:process_memory_win.cc(73)] ReadMemory at 0x7ffba40a0000 of 64 bytes failed: Only part of a ReadProcessMemory or WriteProcessMemory request was completed. (0x12B)
[0702/193330.643:WARNING:pe_image_reader.cc(340)] could not read dos header from C:\WINDOWS\SYSTEM32\VERSION.dll
[0702/193330.643:ERROR:process_memory_win.cc(73)] ReadMemory at 0x7ffbb4920000 of 64 bytes failed: Only part of a ReadProcessMemory or WriteProcessMemory request was completed. (0x12B)
[0702/193330.643:WARNING:pe_image_reader.cc(340)] could not read dos header from C:\WINDOWS\System32\msvcrt.dll
[0702/193330.643:ERROR:process_memory_win.cc(73)] ReadMemory at 0x7ffbb3660000 of 64 bytes failed: Only part of a ReadProcessMemory or WriteProcessMemory request was completed. (0x12B)
[0702/193330.643:WARNING:pe_image_reader.cc(340)] could not read dos header from C:\WINDOWS\System32\bcryptPrimitives.dll
[0702/193330.643:ERROR:process_memory_win.cc(73)] ReadMemory at 0x7ffbb51a0000 of 64 bytes failed: Only part of a ReadProcessMemory or WriteProcessMemory request was completed. (0x12B)
[0702/193330.647:WARNING:pe_image_reader.cc(340)] could not read dos header from C:\WINDOWS\System32\ADVAPI32.dll
[0702/193330.647:ERROR:process_memory_win.cc(73)] ReadMemory at 0x7ffbb5fe0000 of 64 bytes failed: Only part of a ReadProcessMemory or WriteProcessMemory request was completed. (0x12B)
[0702/193330.647:WARNING:pe_image_reader.cc(340)] could not read dos header from C:\WINDOWS\System32\sechost.dll
[0702/193330.647:ERROR:process_memory_win.cc(73)] ReadMemory at 0x7ffbb5a60000 of 64 bytes failed: Only part of a ReadProcessMemory or WriteProcessMemory request was completed. (0x12B)
[0702/193330.647:WARNING:pe_image_reader.cc(340)] could not read dos header from C:\WINDOWS\System32\RPCRT4.dll
[0702/193330.647:ERROR:process_memory_win.cc(73)] ReadMemory at 0x7ffb6b160000 of 64 bytes failed: Only part of a ReadProcessMemory or WriteProcessMemory request was completed. (0x12B)
[0702/193330.647:WARNING:pe_image_reader.cc(340)] could not read dos header from C:\Program Files (x86)\Google\Chrome\Application\77.0.3865.90\chrome_child.dll
[0702/193330.647:ERROR:process_memory_win.cc(73)] ReadMemory at 0x7ffbb5f10000 of 64 bytes failed: Only part of a ReadProcessMemory or WriteProcessMemory request was completed. (0x12B)
[0702/193330.647:WARNING:pe_image_reader.cc(340)] could not read dos header from C:\WINDOWS\System32\OLEAUT32.dll
[0702/193330.647:ERROR:process_memory_win.cc(73)] ReadMemory at 0x7ffbb3240000 of 64 bytes failed: Only part of a ReadProcessMemory or WriteProcessMemory request was completed. (0x12B)
[0702/193330.647:WARNING:pe_image_reader.cc(340)] could not read dos header from C:\WINDOWS\System32\msvcp_win.dll
[0702/193330.647:ERROR:process_memory_win.cc(73)] ReadMemory at 0x7ffbb33a0000 of 64 bytes failed: Only part of a ReadProcessMemory or WriteProcessMemory request was completed. (0x12B)
[0702/193330.647:WARNING:pe_image_reader.cc(340)] could not read dos header from C:\WINDOWS\System32\ucrtbase.dll
[0702/193330.647:ERROR:process_memory_win.cc(73)] ReadMemory at 0x7ffbb5460000 of 64 bytes failed: Only part of a ReadProcessMemory or WriteProcessMemory request was completed. (0x12B)
[0702/193330.647:WARNING:pe_image_reader.cc(340)] could not read dos header from C:\WINDOWS\System32\combase.dll
[0702/193330.647:ERROR:process_memory_win.cc(73)] ReadMemory at 0x7ffbb57d0000 of 64 bytes failed: Only part of a ReadProcessMemory or WriteProcessMemory request was completed. (0x12B)
[0702/193330.647:WARNING:pe_image_reader.cc(340)] could not read dos header from C:\WINDOWS\System32\WS2_32.dll
[0702/193330.647:ERROR:process_memory_win.cc(73)] ReadMemory at 0x7ffbb5d20000 of 64 bytes failed: Only part of a ReadProcessMemory or WriteProcessMemory request was completed. (0x12B)
[0702/193330.647:WARNING:pe_image_reader.cc(340)] could not read dos header from C:\WINDOWS\System32\GDI32.dll
[0702/193330.647:ERROR:process_memory_win.cc(73)] ReadMemory at 0x7ffbb3370000 of 64 bytes failed: Only part of a ReadProcessMemory or WriteProcessMemory request was completed. (0x12B)
[0702/193330.647:WARNING:pe_image_reader.cc(340)] could not read dos header from C:\WINDOWS\System32\win32u.dll
[0702/193330.647:ERROR:process_memory_win.cc(73)] ReadMemory at 0x7ffbb34a0000 of 64 bytes failed: Only part of a ReadProcessMemory or WriteProcessMemory request was completed. (0x12B)
[0702/193330.647:WARNING:pe_image_reader.cc(340)] could not read dos header from C:\WINDOWS\System32\gdi32full.dll
[0702/193330.647:ERROR:process_memory_win.cc(73)] ReadMemory at 0x7ffbb5b80000 of 64 bytes failed: Only part of a ReadProcessMemory or WriteProcessMemory request was completed. (0x12B)
[0702/193330.647:WARNING:pe_image_reader.cc(340)] could not read dos header from C:\WINDOWS\System32\USER32.dll
[0702/193330.647:ERROR:process_memory_win.cc(73)] ReadMemory at 0x7ffbb32e0000 of 64 bytes failed: Only part of a ReadProcessMemory or WriteProcessMemory request was completed. (0x12B)
[0702/193330.647:WARNING:pe_image_reader.cc(340)] could not read dos header from C:\WINDOWS\System32\WINTRUST.dll
[0702/193330.647:ERROR:process_memory_win.cc(73)] ReadMemory at 0x7ffbb3080000 of 64 bytes failed: Only part of a ReadProcessMemory or WriteProcessMemory request was completed. (0x12B)
[0702/193330.647:WARNING:pe_image_reader.cc(340)] could not read dos header from C:\WINDOWS\System32\MSASN1.dll
[0702/193330.647:ERROR:process_memory_win.cc(73)] ReadMemory at 0x7ffbb30f0000 of 64 bytes failed: Only part of a ReadProcessMemory or WriteProcessMemory request was completed. (0x12B)
[0702/193330.647:WARNING:pe_image_reader.cc(340)] could not read dos header from C:\WINDOWS\System32\CRYPT32.dll
[0702/193330.647:ERROR:process_memory_win.cc(73)] ReadMemory at 0x7ffbb2520000 of 64 bytes failed: Only part of a ReadProcessMemory or WriteProcessMemory request was completed. (0x12B)
[0702/193330.647:WARNING:pe_image_reader.cc(340)] could not read dos header from C:\WINDOWS\SYSTEM32\IPHLPAPI.DLL
[0702/193330.647:ERROR:process_memory_win.cc(73)] ReadMemory at 0x7ffbb0fe0000 of 64 bytes failed: Only part of a ReadProcessMemory or WriteProcessMemory request was completed. (0x12B)
[0702/193330.647:WARNING:pe_image_reader.cc(340)] could not read dos header from C:\WINDOWS\SYSTEM32\WINMM.dll
[0702/193330.647:ERROR:process_memory_win.cc(73)] ReadMemory at 0x7ffbb2f40000 of 64 bytes failed: Only part of a ReadProcessMemory or WriteProcessMemory request was completed. (0x12B)
[0702/193330.647:WARNING:pe_image_reader.cc(340)] could not read dos header from C:\WINDOWS\SYSTEM32\USERENV.dll
[0702/193330.647:ERROR:process_memory_win.cc(73)] ReadMemory at 0x7ffbb30c0000 of 64 bytes failed: Only part of a ReadProcessMemory or WriteProcessMemory request was completed. (0x12B)
[0702/193330.647:WARNING:pe_image_reader.cc(340)] could not read dos header from C:\WINDOWS\System32\profapi.dll
[0702/193330.647:ERROR:process_memory_win.cc(73)] ReadMemory at 0x7ffb99f80000 of 64 bytes failed: Only part of a ReadProcessMemory or WriteProcessMemory request was completed. (0x12B)
[0702/193330.647:WARNING:pe_image_reader.cc(340)] could not read dos header from C:\WINDOWS\SYSTEM32\DWrite.dll
[0702/193330.647:ERROR:process_memory_win.cc(73)] ReadMemory at 0x7ffbaad80000 of 64 bytes failed: Only part of a ReadProcessMemory or WriteProcessMemory request was completed. (0x12B)
[0702/193330.647:WARNING:pe_image_reader.cc(340)] could not read dos header from C:\WINDOWS\SYSTEM32\WINSPOOL.DRV
[0702/193330.647:ERROR:process_memory_win.cc(73)] ReadMemory at 0x7ffbb30a0000 of 64 bytes failed: Only part of a ReadProcessMemory or WriteProcessMemory request was completed. (0x12B)
[0702/193330.651:WARNING:pe_image_reader.cc(340)] could not read dos header from C:\WINDOWS\System32\kernel.appcore.dll
[0702/193330.651:ERROR:process_memory_win.cc(73)] ReadMemory at 0x7ffbb3340000 of 64 bytes failed: Only part of a ReadProcessMemory or WriteProcessMemory request was completed. (0x12B)
[0702/193330.651:WARNING:pe_image_reader.cc(340)] could not read dos header from C:\WINDOWS\System32\bcrypt.dll
[0702/193330.651:ERROR:process_memory_win.cc(73)] ReadMemory at 0x7ffba0d40000 of 64 bytes failed: Only part of a ReadProcessMemory or WriteProcessMemory request was completed. (0x12B)
[0702/193330.651:WARNING:pe_image_reader.cc(340)] could not read dos header from C:\WINDOWS\SYSTEM32\dbghelp.dll
[0702/193330.651:ERROR:process_memory_win.cc(73)] ReadMemory at 0x7ffba6770000 of 64 bytes failed: Only part of a ReadProcessMemory or WriteProcessMemory request was completed. (0x12B)
[0702/193330.651:WARNING:pe_image_reader.cc(340)] could not read dos header from C:\WINDOWS\SYSTEM32\WINHTTP.dll
[0702/193330.651:ERROR:process_memory_win.cc(73)] ReadMemory at 0x7ffb9f3f0000 of 64 bytes failed: Only part of a ReadProcessMemory or WriteProcessMemory request was completed. (0x12B)
[0702/193330.651:WARNING:pe_image_reader.cc(340)] could not read dos header from C:\WINDOWS\SYSTEM32\Secur32.dll
[0702/193330.651:ERROR:process_memory_win.cc(73)] ReadMemory at 0x7ffba6680000 of 64 bytes failed: Only part of a ReadProcessMemory or WriteProcessMemory request was completed. (0x12B)
[0702/193330.651:WARNING:pe_image_reader.cc(340)] could not read dos header from C:\WINDOWS\SYSTEM32\dhcpcsvc.DLL
[0702/193330.651:ERROR:process_memory_win.cc(73)] ReadMemory at 0x7ffbb5840000 of 64 bytes failed: Only part of a ReadProcessMemory or WriteProcessMemory request was completed. (0x12B)
[0702/193330.651:WARNING:pe_image_reader.cc(340)] could not read dos header from C:\WINDOWS\System32\NSI.dll
[0702/193330.651:ERROR:process_memory_win.cc(73)] ReadMemory at 0x7ffbb0fb0000 of 64 bytes failed: Only part of a ReadProcessMemory or WriteProcessMemory request was completed. (0x12B)
[0702/193330.651:WARNING:pe_image_reader.cc(340)] could not read dos header from C:\WINDOWS\SYSTEM32\WINMMBASE.dll
[0702/193330.651:ERROR:process_memory_win.cc(73)] ReadMemory at 0x7ffbb36f0000 of 64 bytes failed: Only part of a ReadProcessMemory or WriteProcessMemory request was completed. (0x12B)
[0702/193330.651:WARNING:pe_image_reader.cc(340)] could not read dos header from C:\WINDOWS\System32\cfgmgr32.dll
[0702/193330.651:ERROR:process_memory_win.cc(73)] ReadMemory at 0x7ffbafff0000 of 64 bytes failed: Only part of a ReadProcessMemory or WriteProcessMemory request was completed. (0x12B)
[0702/193330.651:WARNING:pe_image_reader.cc(340)] could not read dos header from C:\WINDOWS\SYSTEM32\PROPSYS.dll
[0702/193330.651:ERROR:process_memory_win.cc(73)] ReadMemory at 0x7ffbb5920000 of 64 bytes failed: Only part of a ReadProcessMemory or WriteProcessMemory request was completed. (0x12B)
[0702/193330.651:WARNING:pe_image_reader.cc(340)] could not read dos header from C:\WINDOWS\System32\shcore.dll
[0702/193330.651:ERROR:process_memory_win.cc(73)] ReadMemory at 0x7ffbb2f00000 of 64 bytes failed: Only part of a ReadProcessMemory or WriteProcessMemory request was completed. (0x12B)
[0702/193330.651:WARNING:pe_image_reader.cc(340)] could not read dos header from C:\WINDOWS\SYSTEM32\SSPICLI.DLL
[0702/193330.651:ERROR:process_memory_win.cc(73)] ReadMemory at 0x7ffbb57a0000 of 64 bytes failed: Only part of a ReadProcessMemory or WriteProcessMemory request was completed. (0x12B)
[0702/193330.651:WARNING:pe_image_reader.cc(340)] could not read dos header from C:\WINDOWS\System32\IMM32.DLL
[0702/193330.651:ERROR:process_memory_win.cc(73)] ReadMemory at 0x7ffbb29e0000 of 64 bytes failed: Only part of a ReadProcessMemory or WriteProcessMemory request was completed. (0x12B)
[0702/193330.651:WARNING:pe_image_reader.cc(340)] could not read dos header from C:\WINDOWS\SYSTEM32\CRYPTBASE.DLL
[0702/193331.237:ERROR:process_memory_win.cc(73)] ReadMemory at 0xc09b9f3000 of 53248 bytes failed: Only part of a ReadProcessMemory or WriteProcessMemory request was completed. (0x12B)
[0702/193331.237:ERROR:process_memory_win.cc(73)] ReadMemory at 0xc09c1fd000 of 12288 bytes failed: Only part of a ReadProcessMemory or WriteProcessMemory request was completed. (0x12B)
[0702/193331.238:ERROR:process_memory_win.cc(73)] ReadMemory at 0xc09c9f8000 of 32768 bytes failed: Only part of a ReadProcessMemory or WriteProcessMemory request was completed. (0x12B)
[0702/193331.238:ERROR:process_memory_win.cc(73)] ReadMemory at 0xc09d1fd000 of 12288 bytes failed: Only part of a ReadProcessMemory or WriteProcessMemory request was completed. (0x12B)
[0702/193331.239:ERROR:process_memory_win.cc(73)] ReadMemory at 0xc09d9fb000 of 20480 bytes failed: Only part of a ReadProcessMemory or WriteProcessMemory request was completed. (0x12B)
[0702/193331.239:ERROR:process_memory_win.cc(73)] ReadMemory at 0xc09e1fe000 of 8192 bytes failed: Only part of a ReadProcessMemory or WriteProcessMemory request was completed. (0x12B)
[0702/193331.239:ERROR:process_memory_win.cc(73)] ReadMemory at 0xc09e9fc000 of 16384 bytes failed: Only part of a ReadProcessMemory or WriteProcessMemory request was completed. (0x12B)
[0702/193331.239:ERROR:process_memory_win.cc(73)] ReadMemory at 0xc09f1fb000 of 20480 bytes failed: Only part of a ReadProcessMemory or WriteProcessMemory request was completed. (0x12B)
[0702/193331.240:ERROR:process_memory_win.cc(73)] ReadMemory at 0xc09f9fc000 of 16384 bytes failed: Only part of a ReadProcessMemory or WriteProcessMemory request was completed. (0x12B)
[0702/193331.240:ERROR:process_memory_win.cc(73)] ReadMemory at 0xc0a01fd000 of 12288 bytes failed: Only part of a ReadProcessMemory or WriteProcessMemory request was completed. (0x12B)
[0702/193331.240:ERROR:process_memory_win.cc(73)] ReadMemory at 0xc0a19fd000 of 12288 bytes failed: Only part of a ReadProcessMemory or WriteProcessMemory request was completed. (0x12B)
[0702/193331.241:ERROR:process_memory_win.cc(73)] ReadMemory at 0xc0a11fb000 of 20480 bytes failed: Only part of a ReadProcessMemory or WriteProcessMemory request was completed. (0x12B)
[0702/193331.241:ERROR:process_memory_win.cc(73)] ReadMemory at 0xc0a09fc000 of 16384 bytes failed: Only part of a ReadProcessMemory or WriteProcessMemory request was completed. (0x12B)
[0702/193331.241:ERROR:process_memory_win.cc(73)] ReadMemory at 0xc0a21ff000 of 4096 bytes failed: Only part of a ReadProcessMemory or WriteProcessMemory request was completed. (0x12B)
[0702/193331.242:ERROR:process_memory_win.cc(73)] ReadMemory at 0xc09b025000 of 852 bytes failed: Only part of a ReadProcessMemory or WriteProcessMemory request was completed. (0x12B)
[0702/193331.242:ERROR:process_memory_win.cc(73)] ReadMemory at 0xc09b026000 of 6024 bytes failed: Only part of a ReadProcessMemory or WriteProcessMemory request was completed. (0x12B)
[0702/193331.465:ERROR:process_memory_win.cc(73)] ReadMemory at 0xc09b028000 of 6024 bytes failed: Only part of a ReadProcessMemory or WriteProcessMemory request was completed. (0x12B)
[0702/193331.466:ERROR:process_memory_win.cc(73)] ReadMemory at 0xc09b02a000 of 6024 bytes failed: Only part of a ReadProcessMemory or WriteProcessMemory request was completed. (0x12B)
[0702/193331.466:ERROR:process_memory_win.cc(73)] ReadMemory at 0xc09b02c000 of 6024 bytes failed: Only part of a ReadProcessMemory or WriteProcessMemory request was completed. (0x12B)
[0702/193331.466:ERROR:process_memory_win.cc(73)] ReadMemory at 0xc09b02e000 of 6024 bytes failed: Only part of a ReadProcessMemory or WriteProcessMemory request was completed. (0x12B)
[0702/193331.467:ERROR:process_memory_win.cc(73)] ReadMemory at 0xc09b030000 of 6024 bytes failed: Only part of a ReadProcessMemory or WriteProcessMemory request was completed. (0x12B)
[0702/193331.467:ERROR:process_memory_win.cc(73)] ReadMemory at 0xc09b032000 of 6024 bytes failed: Only part of a ReadProcessMemory or WriteProcessMemory request was completed. (0x12B)
[0702/193331.467:ERROR:process_memory_win.cc(73)] ReadMemory at 0xc09b034000 of 6024 bytes failed: Only part of a ReadProcessMemory or WriteProcessMemory request was completed. (0x12B)
[0702/193331.467:ERROR:process_memory_win.cc(73)] ReadMemory at 0xc09b036000 of 6024 bytes failed: Only part of a ReadProcessMemory or WriteProcessMemory request was completed. (0x12B)
[0702/193331.468:ERROR:process_memory_win.cc(73)] ReadMemory at 0xc09b038000 of 6024 bytes failed: Only part of a ReadProcessMemory or WriteProcessMemory request was completed. (0x12B)
[0702/193331.468:ERROR:process_memory_win.cc(73)] ReadMemory at 0xc09b042000 of 6024 bytes failed: Only part of a ReadProcessMemory or WriteProcessMemory request was completed. (0x12B)
[0702/193331.468:ERROR:process_memory_win.cc(73)] ReadMemory at 0xc09b04a000 of 6024 bytes failed: Only part of a ReadProcessMemory or WriteProcessMemory request was completed. (0x12B)
[0702/193331.468:ERROR:process_memory_win.cc(73)] ReadMemory at 0xc09b04c000 of 6024 bytes failed: Only part of a ReadProcessMemory or WriteProcessMemory request was completed. (0x12B)
[0702/193331.468:ERROR:process_memory_win.cc(73)] ReadMemory at 0xc09b04e000 of 6024 bytes failed: Only part of a ReadProcessMemory or WriteProcessMemory request was completed. (0x12B)
[0702/193331.469:ERROR:process_memory_win.cc(73)] ReadMemory at 0x2338e540750 of 80 bytes failed: Only part of a ReadProcessMemory or WriteProcessMemory request was completed. (0x12B)
[0702/193331.504:ERROR:process_memory_win.cc(73)] ReadMemory at 0x2338e540fe0 of 8454 bytes failed: Only part of a ReadProcessMemory or WriteProcessMemory request was completed. (0x12B)
[0702/193331.504:ERROR:process_memory_win.cc(73)] ReadMemory at 0x2338e5430f0 of 1012 bytes failed: Only part of a ReadProcessMemory or WriteProcessMemory request was completed. (0x12B)
[0702/193331.504:ERROR:process_memory_win.cc(73)] ReadMemory at 0x2338e543738 of 118 bytes failed: Only part of a ReadProcessMemory or WriteProcessMemory request was completed. (0x12B)
[0702/193331.522:ERROR:process_memory_win.cc(73)] ReadMemory at 0x2338e5437b0 of 864 bytes failed: Only part of a ReadProcessMemory or WriteProcessMemory request was completed. (0x12B)
[0702/193331.523:ERROR:process_memory_win.cc(73)] ReadMemory at 0x2338e543b12 of 118 bytes failed: Only part of a ReadProcessMemory or WriteProcessMemory request was completed. (0x12B)
[0702/193331.523:ERROR:process_memory_win.cc(73)] ReadMemory at 0x2338e543b8a of 102 bytes failed: Only part of a ReadProcessMemory or WriteProcessMemory request was completed. (0x12B)
[0702/193331.523:ERROR:process_memory_win.cc(73)] ReadMemory at 0x2338e543c00 of 58 bytes failed: Only part of a ReadProcessMemory or WriteProcessMemory request was completed. (0x12B)
[0702/193331.523:ERROR:process_memory_win.cc(73)] ReadMemory at 0x2338e543d00 of 132 bytes failed: Only part of a ReadProcessMemory or WriteProcessMemory request was completed. (0x12B)
[0702/193331.523:ERROR:process_memory_win.cc(73)] ReadMemory at 0x2338e543e90 of 132 bytes failed: Only part of a ReadProcessMemory or WriteProcessMemory request was completed. (0x12B)
[0702/193331.606:ERROR:process_memory_win.cc(73)] ReadMemory at 0x2338e544050 of 124 bytes failed: Only part of a ReadProcessMemory or WriteProcessMemory request was completed. (0x12B)
[0702/193331.607:ERROR:process_memory_win.cc(73)] ReadMemory at 0x2338e544430 of 132 bytes failed: Only part of a ReadProcessMemory or WriteProcessMemory request was completed. (0x12B)
[0702/193331.607:ERROR:process_memory_win.cc(73)] ReadMemory at 0x2338e5445c0 of 64 bytes failed: Only part of a ReadProcessMemory or WriteProcessMemory request was completed. (0x12B)
[0702/193331.607:ERROR:process_memory_win.cc(73)] ReadMemory at 0x2338e544610 of 132 bytes failed: Only part of a ReadProcessMemory or WriteProcessMemory request was completed. (0x12B)
[0702/193331.607:ERROR:process_memory_win.cc(73)] ReadMemory at 0x2338e544780 of 132 bytes failed: Only part of a ReadProcessMemory or WriteProcessMemory request was completed. (0x12B)
[0702/193331.607:ERROR:process_memory_win.cc(73)] ReadMemory at 0x2338e544a20 of 132 bytes failed: Only part of a ReadProcessMemory or WriteProcessMemory request was completed. (0x12B)
[0702/193331.607:ERROR:process_memory_win.cc(73)] ReadMemory at 0x2338e544bb0 of 68 bytes failed: Only part of a ReadProcessMemory or WriteProcessMemory request was completed. (0x12B)
[0702/193331.608:ERROR:process_memory_win.cc(73)] ReadMemory at 0x2338e545cb0 of 132 bytes failed: Only part of a ReadProcessMemory or WriteProcessMemory request was completed. (0x12B)
[0702/193331.608:ERROR:process_memory_win.cc(73)] ReadMemory at 0x2338e545e40 of 152 bytes failed: Only part of a ReadProcessMemory or WriteProcessMemory request was completed. (0x12B)
[0702/193331.608:ERROR:process_memory_win.cc(73)] ReadMemory at 0x2338e546c60 of 62 bytes failed: Only part of a ReadProcessMemory or WriteProcessMemory request was completed. (0x12B)
[0702/193331.608:ERROR:process_memory_win.cc(73)] ReadMemory at 0x2338e546ce0 of 156 bytes failed: Only part of a ReadProcessMemory or WriteProcessMemory request was completed. (0x12B)
[0702/193331.608:ERROR:process_memory_win.cc(73)] ReadMemory at 0x2338e546dc0 of 132 bytes failed: Only part of a ReadProcessMemory or WriteProcessMemory request was completed. (0x12B)
[0702/193331.608:ERROR:process_memory_win.cc(73)] ReadMemory at 0x2338e546f50 of 60 bytes failed: Only part of a ReadProcessMemory or WriteProcessMemory request was completed. (0x12B)
[0702/193331.609:ERROR:process_memory_win.cc(73)] ReadMemory at 0x2338e548990 of 132 bytes failed: Only part of a ReadProcessMemory or WriteProcessMemory request was completed. (0x12B)
[0702/193331.609:ERROR:process_memory_win.cc(73)] ReadMemory at 0x2338e54b080 of 64 bytes failed: Only part of a ReadProcessMemory or WriteProcessMemory request was completed. (0x12B)
[0702/193331.720:ERROR:process_memory_win.cc(73)] ReadMemory at 0x2338e54b0d0 of 62 bytes failed: Only part of a ReadProcessMemory or WriteProcessMemory request was completed. (0x12B)
[0702/193331.721:ERROR:process_memory_win.cc(73)] ReadMemory at 0x2338e54b1c0 of 64 bytes failed: Only part of a ReadProcessMemory or WriteProcessMemory request was completed. (0x12B)
[0702/193331.721:ERROR:process_memory_win.cc(73)] ReadMemory at 0x2338e54b260 of 60 bytes failed: Only part of a ReadProcessMemory or WriteProcessMemory request was completed. (0x12B)
[0702/193331.721:ERROR:process_memory_win.cc(73)] ReadMemory at 0x2338e54b300 of 58 bytes failed: Only part of a ReadProcessMemory or WriteProcessMemory request was completed. (0x12B)
[0702/193331.722:ERROR:process_memory_win.cc(73)] ReadMemory at 0x2338e54b3a0 of 62 bytes failed: Only part of a ReadProcessMemory or WriteProcessMemory request was completed. (0x12B)
[0702/193331.808:ERROR:process_memory_win.cc(73)] ReadMemory at 0x2338e54b3f0 of 66 bytes failed: Only part of a ReadProcessMemory or WriteProcessMemory request was completed. (0x12B)
[0702/193331.809:ERROR:process_memory_win.cc(73)] ReadMemory at 0x2338e54b4e0 of 60 bytes failed: Only part of a ReadProcessMemory or WriteProcessMemory request was completed. (0x12B)
[0702/193331.809:ERROR:process_memory_win.cc(73)] ReadMemory at 0x2338e54b6c0 of 64 bytes failed: Only part of a ReadProcessMemory or WriteProcessMemory request was completed. (0x12B)
[0702/193331.809:ERROR:process_memory_win.cc(73)] ReadMemory at 0x2338e54c6b0 of 76 bytes failed: Only part of a ReadProcessMemory or WriteProcessMemory request was completed. (0x12B)
[0702/193331.809:ERROR:process_memory_win.cc(73)] ReadMemory at 0x2338e54f840 of 54 bytes failed: Only part of a ReadProcessMemory or WriteProcessMemory request was completed. (0x12B)
[0702/193331.809:ERROR:process_memory_win.cc(73)] ReadMemory at 0x2338e54fc00 of 132 bytes failed: Only part of a ReadProcessMemory or WriteProcessMemory request was completed. (0x12B)
[0702/193331.809:ERROR:process_memory_win.cc(73)] ReadMemory at 0x2338e54ff70 of 132 bytes failed: Only part of a ReadProcessMemory or WriteProcessMemory request was completed. (0x12B)
[0702/193331.878:ERROR:process_memory_win.cc(73)] ReadMemory at 0x2338e550020 of 512 bytes failed: Only part of a ReadProcessMemory or WriteProcessMemory request was completed. (0x12B)
[0702/193331.878:ERROR:process_memory_win.cc(73)] ReadMemory at 0x2338e550ea0 of 132 bytes failed: Only part of a ReadProcessMemory or WriteProcessMemory request was completed. (0x12B)
[0702/193331.878:ERROR:process_memory_win.cc(73)] ReadMemory at 0x2338e551de0 of 132 bytes failed: Only part of a ReadProcessMemory or WriteProcessMemory request was completed. (0x12B)
[0702/193331.881:ERROR:process_memory_win.cc(73)] ReadMemory at 0x2338e5522e0 of 132 bytes failed: Only part of a ReadProcessMemory or WriteProcessMemory request was completed. (0x12B)
[0702/193331.882:ERROR:process_memory_win.cc(73)] ReadMemory at 0x2338e5539d0 of 132 bytes failed: Only part of a ReadProcessMemory or WriteProcessMemory request was completed. (0x12B)
[0702/193331.882:ERROR:process_memory_win.cc(73)] ReadMemory at 0x2338e553be0 of 132 bytes failed: Only part of a ReadProcessMemory or WriteProcessMemory request was completed. (0x12B)
[0702/193331.882:ERROR:process_memory_win.cc(73)] ReadMemory at 0x2338e553f90 of 132 bytes failed: Only part of a ReadProcessMemory or WriteProcessMemory request was completed. (0x12B)
[0702/193331.882:ERROR:process_memory_win.cc(73)] ReadMemory at 0x2338e555b70 of 132 bytes failed: Only part of a ReadProcessMemory or WriteProcessMemory request was completed. (0x12B)
[0702/193331.882:ERROR:process_memory_win.cc(73)] ReadMemory at 0x2338e555ca0 of 132 bytes failed: Only part of a ReadProcessMemory or WriteProcessMemory request was completed. (0x12B)
[0702/193331.882:ERROR:process_memory_win.cc(73)] ReadMemory at 0x2338e555dd0 of 132 bytes failed: Only part of a ReadProcessMemory or WriteProcessMemory request was completed. (0x12B)
[0702/193331.882:ERROR:process_memory_win.cc(73)] ReadMemory at 0x2338e555f00 of 132 bytes failed: Only part of a ReadProcessMemory or WriteProcessMemory request was completed. (0x12B)
[0702/193331.933:ERROR:process_memory_win.cc(73)] ReadMemory at 0x2338e556030 of 132 bytes failed: Only part of a ReadProcessMemory or WriteProcessMemory request was completed. (0x12B)
[0702/193331.933:ERROR:process_memory_win.cc(73)] ReadMemory at 0x2338e556160 of 132 bytes failed: Only part of a ReadProcessMemory or WriteProcessMemory request was completed. (0x12B)
[0702/193331.933:ERROR:process_memory_win.cc(73)] ReadMemory at 0x2338e556290 of 132 bytes failed: Only part of a ReadProcessMemory or WriteProcessMemory request was completed. (0x12B)
[0702/193331.933:ERROR:process_memory_win.cc(73)] ReadMemory at 0x2338e5564f0 of 132 bytes failed: Only part of a ReadProcessMemory or WriteProcessMemory request was completed. (0x12B)
[0702/193331.934:ERROR:process_memory_win.cc(73)] ReadMemory at 0x2338e556620 of 132 bytes failed: Only part of a ReadProcessMemory or WriteProcessMemory request was completed. (0x12B)
[0702/193331.934:ERROR:process_memory_win.cc(73)] ReadMemory at 0x2338e556750 of 132 bytes failed: Only part of a ReadProcessMemory or WriteProcessMemory request was completed. (0x12B)
[0702/193331.934:ERROR:process_memory_win.cc(73)] ReadMemory at 0x2338e556880 of 132 bytes failed: Only part of a ReadProcessMemory or WriteProcessMemory request was completed. (0x12B)
[0702/193331.934:ERROR:process_memory_win.cc(73)] ReadMemory at 0x2338e5569b0 of 132 bytes failed: Only part of a ReadProcessMemory or WriteProcessMemory request was completed. (0x12B)
[0702/193331.934:ERROR:process_memory_win.cc(73)] ReadMemory at 0x2338e556ee0 of 64 bytes failed: Only part of a ReadProcessMemory or WriteProcessMemory request was completed. (0x12B)
[0702/193331.934:ERROR:process_memory_win.cc(73)] ReadMemory at 0x2338e556f30 of 62 bytes failed: Only part of a ReadProcessMemory or WriteProcessMemory request was completed. (0x12B)
[0702/193331.934:ERROR:process_memory_win.cc(73)] ReadMemory at 0x2338e556f80 of 64 bytes failed: Only part of a ReadProcessMemory or WriteProcessMemory request was completed. (0x12B)
[0702/193331.935:ERROR:process_memory_win.cc(73)] ReadMemory at 0x2338e556fd0 of 62 bytes failed: Only part of a ReadProcessMemory or WriteProcessMemory request was completed. (0x12B)
[0702/193331.935:ERROR:process_memory_win.cc(73)] ReadMemory at 0x2338e557070 of 60 bytes failed: Only part of a ReadProcessMemory or WriteProcessMemory request was completed. (0x12B)
[0702/193331.935:ERROR:process_memory_win.cc(73)] ReadMemory at 0x2338e5571b0 of 62 bytes failed: Only part of a ReadProcessMemory or WriteProcessMemory request was completed. (0x12B)
[0702/193331.936:ERROR:process_memory_win.cc(73)] ReadMemory at 0x2338e5572f0 of 64 bytes failed: Only part of a ReadProcessMemory or WriteProcessMemory request was completed. (0x12B)
[0702/193331.936:ERROR:process_memory_win.cc(73)] ReadMemory at 0x2338e557340 of 58 bytes failed: Only part of a ReadProcessMemory or WriteProcessMemory request was completed. (0x12B)
[0702/193332.118:ERROR:process_memory_win.cc(73)] ReadMemory at 0x2338e5573e0 of 64 bytes failed: Only part of a ReadProcessMemory or WriteProcessMemory request was completed. (0x12B)
[0702/193332.118:ERROR:process_memory_win.cc(73)] ReadMemory at 0x2338e557480 of 60 bytes failed: Only part of a ReadProcessMemory or WriteProcessMemory request was completed. (0x12B)
[0702/193332.118:ERROR:process_memory_win.cc(73)] ReadMemory at 0x2338e5575c0 of 66 bytes failed: Only part of a ReadProcessMemory or WriteProcessMemory request was completed. (0x12B)
[0702/193332.118:ERROR:process_memory_win.cc(73)] ReadMemory at 0x2338e557660 of 62 bytes failed: Only part of a ReadProcessMemory or WriteProcessMemory request was completed. (0x12B)
[0702/193332.181:ERROR:process_memory_win.cc(73)] ReadMemory at 0x2338e5576b0 of 62 bytes failed: Only part of a ReadProcessMemory or WriteProcessMemory request was completed. (0x12B)
[0702/193332.181:ERROR:process_memory_win.cc(73)] ReadMemory at 0x2338e5577a0 of 66 bytes failed: Only part of a ReadProcessMemory or WriteProcessMemory request was completed. (0x12B)
[0702/193332.182:ERROR:process_memory_win.cc(73)] ReadMemory at 0x2338e5577f0 of 60 bytes failed: Only part of a ReadProcessMemory or WriteProcessMemory request was completed. (0x12B)
[0702/193332.183:ERROR:process_memory_win.cc(73)] ReadMemory at 0x2338e557840 of 64 bytes failed: Only part of a ReadProcessMemory or WriteProcessMemory request was completed. (0x12B)
[0702/193332.183:ERROR:process_memory_win.cc(73)] ReadMemory at 0x2338e557890 of 60 bytes failed: Only part of a ReadProcessMemory or WriteProcessMemory request was completed. (0x12B)
[0702/193332.183:ERROR:process_memory_win.cc(73)] ReadMemory at 0x2338e557a70 of 62 bytes failed: Only part of a ReadProcessMemory or WriteProcessMemory request was completed. (0x12B)
[0702/193332.183:ERROR:process_memory_win.cc(73)] ReadMemory at 0x2338e557bb0 of 58 bytes failed: Only part of a ReadProcessMemory or WriteProcessMemory request was completed. (0x12B)
[0702/193332.184:ERROR:process_memory_win.cc(73)] ReadMemory at 0x2338e557c00 of 62 bytes failed: Only part of a ReadProcessMemory or WriteProcessMemory request was completed. (0x12B)
[0702/193332.184:ERROR:process_memory_win.cc(73)] ReadMemory at 0x2338e557c50 of 60 bytes failed: Only part of a ReadProcessMemory or WriteProcessMemory request was completed. (0x12B)
[0702/193332.184:ERROR:process_memory_win.cc(73)] ReadMemory at 0x2338e557d40 of 60 bytes failed: Only part of a ReadProcessMemory or WriteProcessMemory request was completed. (0x12B)
[0702/193332.184:ERROR:process_memory_win.cc(73)] ReadMemory at 0x2338e557d90 of 62 bytes failed: Only part of a ReadProcessMemory or WriteProcessMemory request was completed. (0x12B)
[0702/193332.184:ERROR:process_memory_win.cc(73)] ReadMemory at 0x2338e557ea0 of 132 bytes failed: Only part of a ReadProcessMemory or WriteProcessMemory request was completed. (0x12B)
[0702/193332.184:ERROR:process_memory_win.cc(73)] ReadMemory at 0x2338e557fd0 of 132 bytes failed: Only part of a ReadProcessMemory or WriteProcessMemory request was completed. (0x12B)
[0702/193332.185:ERROR:process_memory_win.cc(73)] ReadMemory at 0x2338e558100 of 132 bytes failed: Only part of a ReadProcessMemory or WriteProcessMemory request was completed. (0x12B)
[0702/193332.185:ERROR:process_memory_win.cc(73)] ReadMemory at 0x2338e558230 of 132 bytes failed: Only part of a ReadProcessMemory or WriteProcessMemory request was completed. (0x12B)
[0702/193332.185:ERROR:process_memory_win.cc(73)] ReadMemory at 0x2338e558360 of 132 bytes failed: Only part of a ReadProcessMemory or WriteProcessMemory request was completed. (0x12B)
[0702/193332.185:ERROR:process_memory_win.cc(73)] ReadMemory at 0x2338e558490 of 132 bytes failed: Only part of a ReadProcessMemory or WriteProcessMemory request was completed. (0x12B)
[0702/193332.186:ERROR:process_memory_win.cc(73)] ReadMemory at 0x2338e558820 of 132 bytes failed: Only part of a ReadProcessMemory or WriteProcessMemory request was completed. (0x12B)
[0702/193332.186:ERROR:process_memory_win.cc(73)] ReadMemory at 0x2338e558950 of 132 bytes failed: Only part of a ReadProcessMemory or WriteProcessMemory request was completed. (0x12B)
[0702/193332.186:ERROR:process_memory_win.cc(73)] ReadMemory at 0x2338e558bb0 of 132 bytes failed: Only part of a ReadProcessMemory or WriteProcessMemory request was completed. (0x12B)
[0702/193332.186:ERROR:process_memory_win.cc(73)] ReadMemory at 0x2338e558ce0 of 132 bytes failed: Only part of a ReadProcessMemory or WriteProcessMemory request was completed. (0x12B)
[0702/193332.187:ERROR:process_memory_win.cc(73)] ReadMemory at 0x2338e5591a0 of 132 bytes failed: Only part of a ReadProcessMemory or WriteProcessMemory request was completed. (0x12B)
[0702/193332.187:ERROR:process_memory_win.cc(73)] ReadMemory at 0x2338e559530 of 132 bytes failed: Only part of a ReadProcessMemory or WriteProcessMemory request was completed. (0x12B)
[0702/193332.187:ERROR:process_memory_win.cc(73)] ReadMemory at 0x2338e5599f0 of 132 bytes failed: Only part of a ReadProcessMemory or WriteProcessMemory request was completed. (0x12B)
[0702/193332.187:ERROR:process_memory_win.cc(73)] ReadMemory at 0x2338e559c50 of 132 bytes failed: Only part of a ReadProcessMemory or WriteProcessMemory request was completed. (0x12B)
[0702/193332.187:ERROR:process_memory_win.cc(73)] ReadMemory at 0x2338e56e870 of 512 bytes failed: Only part of a ReadProcessMemory or WriteProcessMemory request was completed. (0x12B)
[0702/193332.219:ERROR:process_memory_win.cc(73)] ReadMemory at 0x2338e675c10 of 512 bytes failed: Only part of a ReadProcessMemory or WriteProcessMemory request was completed. (0x12B)
[0702/193332.219:ERROR:process_memory_win.cc(73)] ReadMemory at 0x2338e675f10 of 512 bytes failed: Only part of a ReadProcessMemory or WriteProcessMemory request was completed. (0x12B)
[0702/193332.219:ERROR:process_memory_win.cc(73)] ReadMemory at 0x2338e691e70 of 712 bytes failed: Only part of a ReadProcessMemory or WriteProcessMemory request was completed. (0x12B)
[0702/193332.219:ERROR:process_memory_win.cc(73)] ReadMemory at 0x2338e6963b0 of 512 bytes failed: Only part of a ReadProcessMemory or WriteProcessMemory request was completed. (0x12B)
[0702/193332.220:ERROR:process_memory_win.cc(73)] ReadMemory at 0x2338e7291e0 of 512 bytes failed: Only part of a ReadProcessMemory or WriteProcessMemory request was completed. (0x12B)
[0702/193332.220:ERROR:process_memory_win.cc(73)] ReadMemory at 0x2339068b618 of 512 bytes failed: Only part of a ReadProcessMemory or WriteProcessMemory request was completed. (0x12B)
[0702/193332.299:ERROR:process_memory_win.cc(73)] ReadMemory at 0x2339068c6f8 of 512 bytes failed: Only part of a ReadProcessMemory or WriteProcessMemory request was completed. (0x12B)
[0702/193332.299:ERROR:process_memory_win.cc(73)] ReadMemory at 0x233906e3350 of 512 bytes failed: Only part of a ReadProcessMemory or WriteProcessMemory request was completed. (0x12B)
[0702/193332.300:ERROR:process_memory_win.cc(73)] ReadMemory at 0x233907dffa0 of 512 bytes failed: Only part of a ReadProcessMemory or WriteProcessMemory request was completed. (0x12B)
[0702/193332.300:ERROR:process_memory_win.cc(73)] ReadMemory at 0x2339083fdbc of 512 bytes failed: Only part of a ReadProcessMemory or WriteProcessMemory request was completed. (0x12B)
[0702/193332.300:ERROR:process_memory_win.cc(73)] ReadMemory at 0x233912c6760 of 512 bytes failed: Only part of a ReadProcessMemory or WriteProcessMemory request was completed. (0x12B)
[0702/193332.300:ERROR:process_memory_win.cc(73)] ReadMemory at 0x233912c8230 of 512 bytes failed: Only part of a ReadProcessMemory or WriteProcessMemory request was completed. (0x12B)
[0702/193332.300:ERROR:process_memory_win.cc(73)] ReadMemory at 0x4638a5940849 of 512 bytes failed: Only part of a ReadProcessMemory or WriteProcessMemory request was completed. (0x12B)
[0702/193332.301:ERROR:process_memory_win.cc(73)] ReadMemory at 0x4b9032d40000 of 384 bytes failed: Only part of a ReadProcessMemory or WriteProcessMemory request was completed. (0x12B)
[0702/193332.301:ERROR:process_memory_win.cc(73)] ReadMemory at 0x4b9032d68580 of 601 bytes failed: Only part of a ReadProcessMemory or WriteProcessMemory request was completed. (0x12B)
[0702/193332.301:ERROR:process_memory_win.cc(73)] ReadMemory at 0x561dcf534e61 of 512 bytes failed: Only part of a ReadProcessMemory or WriteProcessMemory request was completed. (0x12B)
[0702/193332.301:ERROR:process_memory_win.cc(73)] ReadMemory at 0x7ffb6b160000 of 384 bytes failed: Only part of a ReadProcessMemory or WriteProcessMemory request was completed. (0x12B)
[0702/193332.354:ERROR:process_memory_win.cc(73)] ReadMemory at 0x7ffb6b1d86a3 of 512 bytes failed: Only part of a ReadProcessMemory or WriteProcessMemory request was completed. (0x12B)
[0702/193332.355:ERROR:process_memory_win.cc(73)] ReadMemory at 0x7ffb6cb96acc of 512 bytes failed: Only part of a ReadProcessMemory or WriteProcessMemory request was completed. (0x12B)
[0702/193332.355:ERROR:process_memory_win.cc(73)] ReadMemory at 0x7ffb6f613798 of 512 bytes failed: Only part of a ReadProcessMemory or WriteProcessMemory request was completed. (0x12B)
[0702/193332.355:ERROR:process_memory_win.cc(73)] ReadMemory at 0x7ffba3fb57e6 of 512 bytes failed: Only part of a ReadProcessMemory or WriteProcessMemory request was completed. (0x12B)
[0702/193332.421:ERROR:process_memory_win.cc(73)] ReadMemory at 0x7ffba3fb603d of 512 bytes failed: Only part of a ReadProcessMemory or WriteProcessMemory request was completed. (0x12B)
[0702/193332.421:ERROR:process_memory_win.cc(73)] ReadMemory at 0x7ffbb60a1fd0 of 512 bytes failed: Only part of a ReadProcessMemory or WriteProcessMemory request was completed. (0x12B)
[0702/193332.557:ERROR:process_memory_win.cc(73)] ReadMemory at 0x7ffbb621c6f4 of 672 bytes failed: Only part of a ReadProcessMemory or WriteProcessMemory request was completed. (0x12B)
[0702/193332.558:ERROR:process_memory_win.cc(73)] ReadMemory at 0x7ffbb621ffa4 of 608 bytes failed: Only part of a ReadProcessMemory or WriteProcessMemory request was completed. (0x12B)
[0702/193332.578:ERROR:process_memory_win.cc(73)] ReadMemory at 0x7ffbb62ac428 of 18 bytes failed: Only part of a ReadProcessMemory or WriteProcessMemory request was completed. (0x12B)
[0702/193332.579:ERROR:process_memory_win.cc(73)] ReadMemory at 0x7ffbb62df4f8 of 40 bytes failed: Only part of a ReadProcessMemory or WriteProcessMemory request was completed. (0x12B)
[0702/193332.579:ERROR:process_memory_win.cc(73)] ReadMemory at 0x7ffbb62df978 of 48 bytes failed: Only part of a ReadProcessMemory or WriteProcessMemory request was completed. (0x12B)
[0702/193332.579:ERROR:process_memory_win.cc(73)] ReadMemory at 0x7ffbb62e53c0 of 64 bytes failed: Only part of a ReadProcessMemory or WriteProcessMemory request was completed. (0x12B)
[0702/193332.976:ERROR:scoped_process_suspend.cc(40)] NtResumeProcess: An attempt was made to access an exiting process. (0xc000010a)
